Starting new HTTPS connection (1): kmforce-dev-ed.my.salesforce.com
Starting new HTTPS connection (1): kmforce-dev-ed.my.salesforce.com
Starting new HTTPS connection (1): kmforce-dev-ed.my.salesforce.com
Starting new HTTPS connection (1): kmforce-dev-ed.my.salesforce.com
Starting new HTTPS connection (1): kmforce-dev-ed.my.salesforce.com
Starting new HTTPS connection (1): kmforce-dev-ed.my.salesforce.com
Starting new HTTPS connection (1): kmforce-dev-ed.my.salesforce.com
Starting new HTTPS connection (1): kmforce-dev-ed.my.salesforce.com
Starting new HTTPS connection (1): kmforce-dev-ed.my.salesforce.com
Starting new HTTPS connection (1): kmforce-dev-ed.my.salesforce.com
Starting new HTTPS connection (1): kmforce-dev-ed.my.salesforce.com
Starting new HTTPS connection (1): kmforce-dev-ed.my.salesforce.com
Starting new HTTPS connection (1): kmforce-dev-ed.my.salesforce.com
Starting new HTTPS connection (1): kmforce-dev-ed.my.salesforce.com
Starting new HTTPS connection (1): kmforce-dev-ed.my.salesforce.com
Starting new HTTPS connection (1): kmforce-dev-ed.my.salesforce.com
Starting new HTTPS connection (1): kmforce-dev-ed.my.salesforce.com
Starting new HTTPS connection (1): kmforce-dev-ed.my.salesforce.com
Starting new HTTPS connection (1): kmforce-dev-ed.my.salesforce.com
Starting new HTTPS connection (1): kmforce-dev-ed.my.salesforce.com
Starting new HTTPS connection (1): kmforce-dev-ed.my.salesforce.com
Starting new HTTPS connection (1): kmforce-dev-ed.my.salesforce.com
Starting new HTTPS connection (1): kmforce-dev-ed.my.salesforce.com
Starting new HTTPS connection (1): kmforce-dev-ed.my.salesforce.com
Starting new HTTPS connection (1): kmforce-dev-ed.my.salesforce.com
Starting new HTTPS connection (1): kmforce-dev-ed.my.salesforce.com
Starting new HTTPS connection (1): kmforce-dev-ed.my.salesforce.com
Starting new HTTPS connection (1): kmforce-dev-ed.my.salesforce.com
Starting new HTTPS connection (1): kmforce-dev-ed.my.salesforce.com
Starting new HTTPS connection (1): kmforce-dev-ed.my.salesforce.com
Starting new HTTPS connection (1): kmforce-dev-ed.my.salesforce.com
Starting new HTTPS connection (1): kmforce-dev-ed.my.salesforce.com
Starting new HTTPS connection (1): kmforce-dev-ed.my.salesforce.com
Starting new HTTPS connection (1): kmforce-dev-ed.my.salesforce.com
Starting new HTTPS connection (1): kmforce-dev-ed.my.salesforce.com
Starting new HTTPS connection (1): kmforce-dev-ed.my.salesforce.com
Starting new HTTPS connection (1): kmforce-dev-ed.my.salesforce.com
Starting new HTTPS connection (1): kmforce-dev-ed.my.salesforce.com
Starting new HTTPS connection (1): kmforce-dev-ed.my.salesforce.com
Starting new HTTPS connection (1): kmforce-dev-ed.my.salesforce.com
Starting new HTTPS connection (1): kmforce-dev-ed.my.salesforce.com
Starting new HTTPS connection (1): kmforce-dev-ed.my.salesforce.com
Starting new HTTPS connection (1): kmforce-dev-ed.my.salesforce.com
Starting new HTTPS connection (1): kmforce-dev-ed.my.salesforce.com
Starting new HTTPS connection (1): kmforce-dev-ed.my.salesforce.com
Starting new HTTPS connection (1): kmforce-dev-ed.my.salesforce.com
Starting new HTTPS connection (1): kmforce-dev-ed.my.salesforce.com
Starting new HTTPS connection (1): kmforce-dev-ed.my.salesforce.com
Starting new HTTPS connection (1): kmforce-dev-ed.my.salesforce.com
Starting new HTTPS connection (1): kmforce-dev-ed.my.salesforce.com
Starting new HTTPS connection (1): kmforce-dev-ed.my.salesforce.com
Starting new HTTPS connection (1): kmforce-dev-ed.my.salesforce.com
Starting new HTTPS connection (1): kmforce-dev-ed.my.salesforce.com
Starting new HTTPS connection (1): kmforce-dev-ed.my.salesforce.com
Starting new HTTPS connection (1): kmforce-dev-ed.my.salesforce.com
Starting new HTTPS connection (1): kmforce-dev-ed.my.salesforce.com
Starting new HTTPS connection (1): kmforce-dev-ed.my.salesforce.com
Starting new HTTPS connection (1): kmforce-dev-ed.my.salesforce.com
Starting new HTTPS connection (1): kmforce-dev-ed.my.salesforce.com
Starting new HTTPS connection (1): kmforce-dev-ed.my.salesforce.com
Starting new HTTPS connection (1): kmforce-dev-ed.my.salesforce.com
Starting new HTTPS connection (1): kmforce-dev-ed.my.salesforce.com
Starting new HTTPS connection (1): kmforce-dev-ed.my.salesforce.com
Starting new HTTPS connection (1): kmforce-dev-ed.my.salesforce.com
Starting new HTTPS connection (1): kmforce-dev-ed.my.salesforce.com
Starting new HTTPS connection (1): kmforce-dev-ed.my.salesforce.com
Starting new HTTPS connection (1): kmforce-dev-ed.my.salesforce.com
Starting new HTTPS connection (1): kmforce-dev-ed.my.salesforce.com
Starting new HTTPS connection (1): kmforce-dev-ed.my.salesforce.com
Starting new HTTPS connection (1): kmforce-dev-ed.my.salesforce.com
[MAVENSMATE CAUGHT ERROR]
Traceback (most recent call last):
  File "C:\Users\Administrator\Desktop\ghook\build\mm\out00-PYZ.pyz\mm.commands.metadata", line 394, in execute
  File "C:\Users\Administrator\Desktop\ghook\build\mm\out00-PYZ.pyz\shutil", line 130, in copy2
  File "C:\Users\Administrator\Desktop\ghook\build\mm\out00-PYZ.pyz\shutil", line 82, in copyfile
IOError: [Errno 2] No such file or directory: u'D:\\Workspace\\SFAngular2\\src\\staticresources\\app.resource-meta.xml'
